{"name":"himins_experiment","hostname":"Johns-iMac-2.local","pid":5232,"level":30,"msg":"Instance of player undefined object created","time":"2015-06-24T02:37:46.944Z","v":0}
{"name":"himins_experiment","hostname":"Johns-iMac-2.local","pid":5232,"level":30,"msg":"Player noname HP: 55","time":"2015-06-24T02:37:46.953Z","v":0}
{"name":"himins_experiment","hostname":"Johns-iMac-2.local","pid":5232,"level":30,"msg":"Player noname HP: 50","time":"2015-06-24T02:37:46.954Z","v":0}
{"name":"himins_experiment","hostname":"Johns-iMac-2.local","pid":5232,"level":30,"msg":"Player noname HP: 9","time":"2015-06-24T02:37:46.955Z","v":0}
{"name":"himins_experiment","hostname":"Johns-iMac-2.local","pid":5232,"level":30,"msg":"Player noname is weak!","time":"2015-06-24T02:37:46.955Z","v":0}
{"name":"himins_experiment","hostname":"Johns-iMac-2.local","pid":5232,"level":30,"msg":"Player noname HP: 70","time":"2015-06-24T02:37:46.958Z","v":0}
{"name":"himins_experiment","hostname":"Johns-iMac-2.local","pid":5232,"level":30,"msg":"Player noname HP: 20","time":"2015-06-24T02:37:46.959Z","v":0}
{"name":"himins_experiment","hostname":"Johns-iMac-2.local","pid":5235,"level":30,"msg":"Instance of player undefined object created","time":"2015-06-24T02:39:33.792Z","v":0}
{"name":"himins_experiment","hostname":"Johns-iMac-2.local","pid":5235,"level":30,"msg":"Player noname HP: 55","time":"2015-06-24T02:39:33.801Z","v":0}
{"name":"himins_experiment","hostname":"Johns-iMac-2.local","pid":5235,"level":30,"msg":"Player noname HP: 50","time":"2015-06-24T02:39:33.802Z","v":0}
{"name":"himins_experiment","hostname":"Johns-iMac-2.local","pid":5235,"level":30,"msg":"Player noname HP: 9","time":"2015-06-24T02:39:33.802Z","v":0}
{"name":"himins_experiment","hostname":"Johns-iMac-2.local","pid":5235,"level":30,"msg":"Player noname is weak!","time":"2015-06-24T02:39:33.802Z","v":0}
{"name":"himins_experiment","hostname":"Johns-iMac-2.local","pid":5235,"level":30,"msg":"Player noname HP: 0","time":"2015-06-24T02:39:33.805Z","v":0}
{"name":"himins_experiment","hostname":"Johns-iMac-2.local","pid":5235,"level":30,"msg":"Player noname is dead!!!","time":"2015-06-24T02:39:33.805Z","v":0}
{"name":"himins_experiment","hostname":"Johns-iMac-2.local","pid":5235,"level":30,"msg":"Player noname is weak!","time":"2015-06-24T02:39:33.805Z","v":0}
{"name":"himins_experiment","hostname":"Johns-iMac-2.local","pid":5235,"level":30,"msg":"Player noname HP: 111","time":"2015-06-24T02:39:33.806Z","v":0}
{"name":"himins_experiment","hostname":"Johns-iMac-2.local","pid":5235,"level":30,"msg":"Player noname is energized!","time":"2015-06-24T02:39:33.806Z","v":0}
{"name":"himins_experiment","hostname":"Johns-iMac-2.local","pid":5239,"level":30,"msg":"==== Instance of player undefined object created ====","time":"2015-06-24T02:41:05.191Z","v":0}
{"name":"himins_experiment","hostname":"Johns-iMac-2.local","pid":5239,"level":30,"msg":"Player noname HP: 55","time":"2015-06-24T02:41:05.199Z","v":0}
{"name":"himins_experiment","hostname":"Johns-iMac-2.local","pid":5239,"level":30,"msg":"Player noname HP: 50","time":"2015-06-24T02:41:05.200Z","v":0}
{"name":"himins_experiment","hostname":"Johns-iMac-2.local","pid":5239,"level":30,"msg":"Player noname HP: 9","time":"2015-06-24T02:41:05.200Z","v":0}
{"name":"himins_experiment","hostname":"Johns-iMac-2.local","pid":5239,"level":30,"msg":"Player noname is weak!","time":"2015-06-24T02:41:05.200Z","v":0}
{"name":"himins_experiment","hostname":"Johns-iMac-2.local","pid":5239,"level":30,"msg":"Player noname HP: 0","time":"2015-06-24T02:41:05.203Z","v":0}
{"name":"himins_experiment","hostname":"Johns-iMac-2.local","pid":5239,"level":30,"msg":"Player noname is dead!!!","time":"2015-06-24T02:41:05.203Z","v":0}
{"name":"himins_experiment","hostname":"Johns-iMac-2.local","pid":5239,"level":30,"msg":"Player noname HP: 111","time":"2015-06-24T02:41:05.204Z","v":0}
{"name":"himins_experiment","hostname":"Johns-iMac-2.local","pid":5239,"level":30,"msg":"Player noname is energized!","time":"2015-06-24T02:41:05.204Z","v":0}
{"name":"himins_experiment","hostname":"Johns-iMac-2.local","pid":5242,"level":30,"msg":"==== Instance of player noname object created ====","time":"2015-06-24T02:42:43.831Z","v":0}
{"name":"himins_experiment","hostname":"Johns-iMac-2.local","pid":5242,"level":30,"msg":"Player noname HP: 55","time":"2015-06-24T02:42:43.841Z","v":0}
{"name":"himins_experiment","hostname":"Johns-iMac-2.local","pid":5242,"level":30,"msg":"Player noname HP: 50","time":"2015-06-24T02:42:43.842Z","v":0}
{"name":"himins_experiment","hostname":"Johns-iMac-2.local","pid":5242,"level":30,"msg":"Player noname HP: 9","time":"2015-06-24T02:42:43.842Z","v":0}
{"name":"himins_experiment","hostname":"Johns-iMac-2.local","pid":5242,"level":30,"msg":"Player noname is weak!","time":"2015-06-24T02:42:43.842Z","v":0}
{"name":"himins_experiment","hostname":"Johns-iMac-2.local","pid":5242,"level":30,"msg":"Player noname HP: 0","time":"2015-06-24T02:42:43.845Z","v":0}
{"name":"himins_experiment","hostname":"Johns-iMac-2.local","pid":5242,"level":30,"msg":"Player noname is dead!!!","time":"2015-06-24T02:42:43.846Z","v":0}
{"name":"himins_experiment","hostname":"Johns-iMac-2.local","pid":5242,"level":30,"msg":"Player noname HP: 111","time":"2015-06-24T02:42:43.847Z","v":0}
{"name":"himins_experiment","hostname":"Johns-iMac-2.local","pid":5242,"level":30,"msg":"Player noname is energized!","time":"2015-06-24T02:42:43.847Z","v":0}
{"name":"himins_experiment","hostname":"Johns-iMac-2.local","pid":5246,"level":30,"msg":"==== Instance of player noname object created ====","time":"2015-06-24T02:45:32.607Z","v":0}
{"name":"himins_experiment","hostname":"Johns-iMac-2.local","pid":5246,"level":30,"msg":"Player noname HP: 55","time":"2015-06-24T02:45:32.615Z","v":0}
{"name":"himins_experiment","hostname":"Johns-iMac-2.local","pid":5246,"level":30,"msg":"Player noname HP: 50","time":"2015-06-24T02:45:32.616Z","v":0}
{"name":"himins_experiment","hostname":"Johns-iMac-2.local","pid":5246,"level":30,"msg":"Player noname HP: 9","time":"2015-06-24T02:45:32.617Z","v":0}
{"name":"himins_experiment","hostname":"Johns-iMac-2.local","pid":5246,"level":30,"msg":"Player noname is weak!","time":"2015-06-24T02:45:32.617Z","v":0}
{"name":"himins_experiment","hostname":"Johns-iMac-2.local","pid":5246,"level":30,"msg":"Player noname HP: 0","time":"2015-06-24T02:45:32.619Z","v":0}
{"name":"himins_experiment","hostname":"Johns-iMac-2.local","pid":5246,"level":30,"msg":"Player noname is dead!!!","time":"2015-06-24T02:45:32.620Z","v":0}
{"name":"himins_experiment","hostname":"Johns-iMac-2.local","pid":5246,"level":30,"msg":"Player noname HP: 111","time":"2015-06-24T02:45:32.621Z","v":0}
{"name":"himins_experiment","hostname":"Johns-iMac-2.local","pid":5246,"level":30,"msg":"Player noname is energized!","time":"2015-06-24T02:45:32.621Z","v":0}
